[ 2015-07-23T08:55:40+08:00 ] 127.0.0.1 /tpvo/
INFO: [ app_begin ] --START--
INFO: Run ReadHtmlCache Behavior [ RunTime:0.000425s ]
INFO: [ app_begin ] --END-- [ RunTime:0.000514s ]
NOTIC: [2048] Declaration of IndexAction::show() should be compatible with that of Action::show() D:\wamp\www\tpvo\WebApp\Lib\Action\IndexAction.class.php 第 772 行.
NOTIC: [8] Use of undefined constant PRC - assumed 'PRC' D:\wamp\www\tpvo\WebApp\Lib\Action\IndexAction.class.php 第 12 行.
SQL: SHOW COLUMNS FROM `think_theme` [ RunTime:0.002974s ]
SQL: SHOW COLUMNS FROM `think_option` [ RunTime:0.002434s ]
SQL: SHOW COLUMNS FROM `think_users` [ RunTime:0.002386s ]
SQL: SHOW COLUMNS FROM `think_ucenter` [ RunTime:0.002612s ]
SQL: SHOW COLUMNS FROM `think_vote` [ RunTime:0.018750s ]
NOTIC: [8] Undefined index: userid D:\wamp\www\tpvo\WebApp\Lib\Action\IndexAction.class.php 第 20 行.
SQL: SELECT * FROM `think_theme` WHERE ( `zt` = 0 ) ORDER BY tid desc LIMIT 5   [ RunTime:0.000405s ]
SQL: SELECT * FROM `think_theme` WHERE ( `zt` = 0 ) ORDER BY count desc LIMIT 5   [ RunTime:0.000229s ]
SQL: SELECT * FROM `think_theme` WHERE ( `zt` = 1 ) ORDER BY count desc LIMIT 5   [ RunTime:0.000187s ]
INFO: [ view_template ] --START--
INFO: Run LocationTemplate Behavior [ RunTime:-0.049606s ]
INFO: [ view_template ] --END-- [ RunTime:0.000709s ]
INFO: [ view_parse ] --START--
INFO: Run ParseTemplate Behavior [ RunTime:-0.050405s ]
INFO: [ view_parse ] --END-- [ RunTime:0.005373s ]
INFO: [ view_filter ] --START--
INFO: Run ContentReplace Behavior [ RunTime:-0.055828s ]
INFO: Run TokenBuild Behavior [ RunTime:-0.056205s ]
INFO: Run WriteHtmlCache Behavior [ RunTime:-0.056588s ]
INFO: Run ShowRuntime Behavior [ RunTime:-0.056865s ]
INFO: [ view_filter ] --END-- [ RunTime:0.001529s ]
INFO: [ view_end ] --START--
INFO: Run ShowPageTrace Behavior [ RunTime:-0.057448s ]
INFO: [ view_end ] --END-- [ RunTime:0.000525s ]

[ 2015-07-23T09:42:48+08:00 ] 127.0.0.1 /tpvo/
INFO: [ app_begin ] --START--
INFO: Run ReadHtmlCache Behavior [ RunTime:0.000950s ]
INFO: [ app_begin ] --END-- [ RunTime:0.001120s ]
NOTIC: [2048] Declaration of IndexAction::show() should be compatible with that of Action::show() D:\wamp\www\tpvo\WebApp\Lib\Action\IndexAction.class.php 第 772 行.
NOTIC: [8] Use of undefined constant PRC - assumed 'PRC' D:\wamp\www\tpvo\WebApp\Lib\Action\IndexAction.class.php 第 12 行.
SQL: SHOW COLUMNS FROM `think_theme` [ RunTime:0.003887s ]
SQL: SHOW COLUMNS FROM `think_option` [ RunTime:0.003641s ]
SQL: SHOW COLUMNS FROM `think_users` [ RunTime:0.003917s ]
SQL: SHOW COLUMNS FROM `think_ucenter` [ RunTime:0.003723s ]
SQL: SHOW COLUMNS FROM `think_vote` [ RunTime:0.003438s ]
NOTIC: [8] Undefined index: userid D:\wamp\www\tpvo\WebApp\Lib\Action\IndexAction.class.php 第 20 行.
SQL: SELECT * FROM `think_theme` WHERE ( `zt` = 0 ) ORDER BY tid desc LIMIT 5   [ RunTime:0.000576s ]
SQL: SELECT * FROM `think_theme` WHERE ( `zt` = 0 ) ORDER BY count desc LIMIT 5   [ RunTime:0.000504s ]
SQL: SELECT * FROM `think_theme` WHERE ( `zt` = 1 ) ORDER BY count desc LIMIT 5   [ RunTime:0.000322s ]
INFO: [ view_template ] --START--
INFO: Run LocationTemplate Behavior [ RunTime:-0.038107s ]
INFO: [ view_template ] --END-- [ RunTime:0.001198s ]
INFO: [ view_parse ] --START--
INFO: Run ParseTemplate Behavior [ RunTime:-0.039434s ]
INFO: [ view_parse ] --END-- [ RunTime:0.009463s ]
INFO: [ view_filter ] --START--
INFO: Run ContentReplace Behavior [ RunTime:-0.048916s ]
INFO: Run TokenBuild Behavior [ RunTime:-0.049409s ]
INFO: Run WriteHtmlCache Behavior [ RunTime:-0.049855s ]
INFO: Run ShowRuntime Behavior [ RunTime:-0.050211s ]
INFO: [ view_filter ] --END-- [ RunTime:0.001930s ]
INFO: [ view_end ] --START--
INFO: Run ShowPageTrace Behavior [ RunTime:-0.050937s ]
INFO: [ view_end ] --END-- [ RunTime:0.001055s ]

[ 2015-07-23T09:42:51+08:00 ] 127.0.0.1 /tpvo/
INFO: [ app_begin ] --START--
INFO: Run ReadHtmlCache Behavior [ RunTime:0.000487s ]
INFO: [ app_begin ] --END-- [ RunTime:0.000586s ]
NOTIC: [2048] Declaration of IndexAction::show() should be compatible with that of Action::show() D:\wamp\www\tpvo\WebApp\Lib\Action\IndexAction.class.php 第 772 行.
NOTIC: [8] Use of undefined constant PRC - assumed 'PRC' D:\wamp\www\tpvo\WebApp\Lib\Action\IndexAction.class.php 第 12 行.
SQL: SHOW COLUMNS FROM `think_theme` [ RunTime:0.002582s ]
SQL: SHOW COLUMNS FROM `think_option` [ RunTime:0.002102s ]
SQL: SHOW COLUMNS FROM `think_users` [ RunTime:0.002330s ]
SQL: SHOW COLUMNS FROM `think_ucenter` [ RunTime:0.002213s ]
SQL: SHOW COLUMNS FROM `think_vote` [ RunTime:0.002214s ]
NOTIC: [8] Undefined index: userid D:\wamp\www\tpvo\WebApp\Lib\Action\IndexAction.class.php 第 20 行.
SQL: SELECT * FROM `think_theme` WHERE ( `zt` = 0 ) ORDER BY tid desc LIMIT 5   [ RunTime:0.000354s ]
SQL: SELECT * FROM `think_theme` WHERE ( `zt` = 0 ) ORDER BY count desc LIMIT 5   [ RunTime:0.000221s ]
SQL: SELECT * FROM `think_theme` WHERE ( `zt` = 1 ) ORDER BY count desc LIMIT 5   [ RunTime:0.000169s ]
INFO: [ view_template ] --START--
INFO: Run LocationTemplate Behavior [ RunTime:-0.031865s ]
INFO: [ view_template ] --END-- [ RunTime:0.000500s ]
INFO: [ view_parse ] --START--
INFO: Run ParseTemplate Behavior [ RunTime:-0.032440s ]
INFO: [ view_parse ] --END-- [ RunTime:0.005080s ]
INFO: [ view_filter ] --START--
INFO: Run ContentReplace Behavior [ RunTime:-0.037579s ]
INFO: Run TokenBuild Behavior [ RunTime:-0.037926s ]
INFO: Run WriteHtmlCache Behavior [ RunTime:-0.038286s ]
INFO: Run ShowRuntime Behavior [ RunTime:-0.038547s ]
INFO: [ view_filter ] --END-- [ RunTime:0.001429s ]
INFO: [ view_end ] --START--
INFO: Run ShowPageTrace Behavior [ RunTime:-0.039095s ]
INFO: [ view_end ] --END-- [ RunTime:0.000506s ]

[ 2015-07-23T09:43:00+08:00 ] 127.0.0.1 /tpvo/
INFO: [ app_begin ] --START--
INFO: Run ReadHtmlCache Behavior [ RunTime:0.000966s ]
INFO: [ app_begin ] --END-- [ RunTime:0.001127s ]
NOTIC: [2048] Declaration of IndexAction::show() should be compatible with that of Action::show() D:\wamp\www\tpvo\WebApp\Lib\Action\IndexAction.class.php 第 772 行.
NOTIC: [8] Use of undefined constant PRC - assumed 'PRC' D:\wamp\www\tpvo\WebApp\Lib\Action\IndexAction.class.php 第 12 行.
SQL: SHOW COLUMNS FROM `think_theme` [ RunTime:0.003878s ]
SQL: SHOW COLUMNS FROM `think_option` [ RunTime:0.003109s ]
SQL: SHOW COLUMNS FROM `think_users` [ RunTime:0.002959s ]
SQL: SHOW COLUMNS FROM `think_ucenter` [ RunTime:0.002380s ]
SQL: SHOW COLUMNS FROM `think_vote` [ RunTime:0.002519s ]
NOTIC: [8] Undefined index: userid D:\wamp\www\tpvo\WebApp\Lib\Action\IndexAction.class.php 第 20 行.
SQL: SELECT * FROM `think_theme` WHERE ( `zt` = 0 ) ORDER BY tid desc LIMIT 5   [ RunTime:0.000421s ]
SQL: SELECT * FROM `think_theme` WHERE ( `zt` = 0 ) ORDER BY count desc LIMIT 5   [ RunTime:0.000327s ]
SQL: SELECT * FROM `think_theme` WHERE ( `zt` = 1 ) ORDER BY count desc LIMIT 5   [ RunTime:0.000214s ]
INFO: [ view_template ] --START--
INFO: Run LocationTemplate Behavior [ RunTime:-0.030734s ]
INFO: [ view_template ] --END-- [ RunTime:0.000838s ]
INFO: [ view_parse ] --START--
INFO: Run ParseTemplate Behavior [ RunTime:-0.031661s ]
INFO: [ view_parse ] --END-- [ RunTime:0.008367s ]
INFO: [ view_filter ] --START--
INFO: Run ContentReplace Behavior [ RunTime:-0.040079s ]
INFO: Run TokenBuild Behavior [ RunTime:-0.040766s ]
INFO: Run WriteHtmlCache Behavior [ RunTime:-0.041496s ]
INFO: Run ShowRuntime Behavior [ RunTime:-0.041920s ]
INFO: [ view_filter ] --END-- [ RunTime:0.002501s ]
INFO: [ view_end ] --START--
INFO: Run ShowPageTrace Behavior [ RunTime:-0.042674s ]
INFO: [ view_end ] --END-- [ RunTime:0.000718s ]

[ 2015-07-23T09:43:32+08:00 ] 127.0.0.1 /tpvo/
INFO: [ app_begin ] --START--
INFO: Run ReadHtmlCache Behavior [ RunTime:0.000573s ]
INFO: [ app_begin ] --END-- [ RunTime:0.000673s ]
NOTIC: [2048] Declaration of IndexAction::show() should be compatible with that of Action::show() D:\wamp\www\tpvo\WebApp\Lib\Action\IndexAction.class.php 第 772 行.
NOTIC: [8] Use of undefined constant PRC - assumed 'PRC' D:\wamp\www\tpvo\WebApp\Lib\Action\IndexAction.class.php 第 12 行.
SQL: SHOW COLUMNS FROM `think_theme` [ RunTime:0.003299s ]
SQL: SHOW COLUMNS FROM `think_option` [ RunTime:0.002558s ]
SQL: SHOW COLUMNS FROM `think_users` [ RunTime:0.002441s ]
SQL: SHOW COLUMNS FROM `think_ucenter` [ RunTime:0.002504s ]
SQL: SHOW COLUMNS FROM `think_vote` [ RunTime:0.002616s ]
NOTIC: [8] Undefined index: userid D:\wamp\www\tpvo\WebApp\Lib\Action\IndexAction.class.php 第 20 行.
SQL: SELECT * FROM `think_theme` WHERE ( `zt` = 0 ) ORDER BY tid desc LIMIT 5   [ RunTime:0.000445s ]
SQL: SELECT * FROM `think_theme` WHERE ( `zt` = 0 ) ORDER BY count desc LIMIT 5   [ RunTime:0.000380s ]
SQL: SELECT * FROM `think_theme` WHERE ( `zt` = 1 ) ORDER BY count desc LIMIT 5   [ RunTime:0.000299s ]
INFO: [ view_template ] --START--
INFO: Run LocationTemplate Behavior [ RunTime:-0.035710s ]
INFO: [ view_template ] --END-- [ RunTime:0.000820s ]
INFO: [ view_parse ] --START--
INFO: Run ParseTemplate Behavior [ RunTime:-0.036613s ]
INFO: [ view_parse ] --END-- [ RunTime:0.006020s ]
INFO: [ view_filter ] --START--
INFO: Run ContentReplace Behavior [ RunTime:-0.042691s ]
INFO: Run TokenBuild Behavior [ RunTime:-0.043172s ]
INFO: Run WriteHtmlCache Behavior [ RunTime:-0.043656s ]
INFO: Run ShowRuntime Behavior [ RunTime:-0.044122s ]
INFO: [ view_filter ] --END-- [ RunTime:0.002087s ]
INFO: [ view_end ] --START--
INFO: Run ShowPageTrace Behavior [ RunTime:-0.044872s ]
INFO: [ view_end ] --END-- [ RunTime:0.000626s ]

[ 2015-07-23T10:27:40+08:00 ] 127.0.0.1 /tpvo/
INFO: [ app_begin ] --START--
INFO: Run ReadHtmlCache Behavior [ RunTime:0.000511s ]
INFO: [ app_begin ] --END-- [ RunTime:0.000613s ]
NOTIC: [2048] Declaration of IndexAction::show() should be compatible with that of Action::show() D:\wamp\www\tpvo\WebApp\Lib\Action\IndexAction.class.php 第 772 行.
NOTIC: [8] Use of undefined constant PRC - assumed 'PRC' D:\wamp\www\tpvo\WebApp\Lib\Action\IndexAction.class.php 第 12 行.
SQL: SHOW COLUMNS FROM `think_theme` [ RunTime:0.003640s ]
SQL: SHOW COLUMNS FROM `think_option` [ RunTime:0.003895s ]
SQL: SHOW COLUMNS FROM `think_users` [ RunTime:0.002751s ]
SQL: SHOW COLUMNS FROM `think_ucenter` [ RunTime:0.003058s ]
SQL: SHOW COLUMNS FROM `think_vote` [ RunTime:0.003151s ]
NOTIC: [8] Undefined index: userid D:\wamp\www\tpvo\WebApp\Lib\Action\IndexAction.class.php 第 20 行.
SQL: SELECT * FROM `think_theme` WHERE ( `zt` = 0 ) ORDER BY tid desc LIMIT 5   [ RunTime:0.000389s ]
SQL: SELECT * FROM `think_theme` WHERE ( `zt` = 0 ) ORDER BY count desc LIMIT 5   [ RunTime:0.000226s ]
SQL: SELECT * FROM `think_theme` WHERE ( `zt` = 1 ) ORDER BY count desc LIMIT 5   [ RunTime:0.000192s ]
INFO: [ view_template ] --START--
INFO: Run LocationTemplate Behavior [ RunTime:-0.028171s ]
INFO: [ view_template ] --END-- [ RunTime:0.000662s ]
INFO: [ view_parse ] --START--
INFO: Run ParseTemplate Behavior [ RunTime:-0.028936s ]
INFO: [ view_parse ] --END-- [ RunTime:0.005750s ]
INFO: [ view_filter ] --START--
INFO: Run ContentReplace Behavior [ RunTime:-0.034707s ]
INFO: Run TokenBuild Behavior [ RunTime:-0.035078s ]
INFO: Run WriteHtmlCache Behavior [ RunTime:-0.035448s ]
INFO: Run ShowRuntime Behavior [ RunTime:-0.035714s ]
INFO: [ view_filter ] --END-- [ RunTime:0.001472s ]
INFO: [ view_end ] --START--
INFO: Run ShowPageTrace Behavior [ RunTime:-0.036267s ]
INFO: [ view_end ] --END-- [ RunTime:0.000503s ]

[ 2015-07-23T11:20:41+08:00 ] 127.0.0.1 /tpvo/
INFO: [ app_begin ] --START--
INFO: Run ReadHtmlCache Behavior [ RunTime:0.058940s ]
INFO: [ app_begin ] --END-- [ RunTime:0.309923s ]
NOTIC: [2048] Declaration of IndexAction::show() should be compatible with that of Action::show() D:\wamp\www\tpvo\WebApp\Lib\Action\IndexAction.class.php 第 772 行.
NOTIC: [8] Use of undefined constant PRC - assumed 'PRC' D:\wamp\www\tpvo\WebApp\Lib\Action\IndexAction.class.php 第 12 行.
SQL: SHOW COLUMNS FROM `think_theme` [ RunTime:0.535445s ]
SQL: SHOW COLUMNS FROM `think_option` [ RunTime:0.075159s ]
SQL: SHOW COLUMNS FROM `think_users` [ RunTime:0.181875s ]
SQL: SHOW COLUMNS FROM `think_ucenter` [ RunTime:0.029767s ]
SQL: SHOW COLUMNS FROM `think_vote` [ RunTime:0.203294s ]
NOTIC: [8] Undefined index: userid D:\wamp\www\tpvo\WebApp\Lib\Action\IndexAction.class.php 第 20 行.
SQL: SELECT * FROM `think_theme` WHERE ( `zt` = 0 ) ORDER BY tid desc LIMIT 5   [ RunTime:0.272955s ]
SQL: SELECT * FROM `think_theme` WHERE ( `zt` = 0 ) ORDER BY count desc LIMIT 5   [ RunTime:0.000382s ]
SQL: SELECT * FROM `think_theme` WHERE ( `zt` = 1 ) ORDER BY count desc LIMIT 5   [ RunTime:0.000250s ]
INFO: [ view_template ] --START--
INFO: Run LocationTemplate Behavior [ RunTime:-2.882774s ]
INFO: [ view_template ] --END-- [ RunTime:0.021309s ]
INFO: [ view_parse ] --START--
INFO: Run ParseTemplate Behavior [ RunTime:-2.904190s ]
INFO: [ view_parse ] --END-- [ RunTime:0.484703s ]
INFO: [ view_filter ] --START--
INFO: Run ContentReplace Behavior [ RunTime:-3.389028s ]
INFO: Run TokenBuild Behavior [ RunTime:-3.390147s ]
INFO: Run WriteHtmlCache Behavior [ RunTime:-3.391732s ]
INFO: Run ShowRuntime Behavior [ RunTime:-3.393645s ]
INFO: [ view_filter ] --END-- [ RunTime:0.007079s ]
INFO: [ view_end ] --START--
INFO: Run ShowPageTrace Behavior [ RunTime:-3.396297s ]
INFO: [ view_end ] --END-- [ RunTime:0.057280s ]

[ 2015-07-23T11:25:49+08:00 ] 127.0.0.1 /tpvo/
INFO: [ app_begin ] --START--
INFO: Run ReadHtmlCache Behavior [ RunTime:0.000813s ]
INFO: [ app_begin ] --END-- [ RunTime:0.000991s ]
NOTIC: [2048] Declaration of IndexAction::show() should be compatible with that of Action::show() D:\wamp\www\tpvo\WebApp\Lib\Action\IndexAction.class.php 第 772 行.
NOTIC: [8] Use of undefined constant PRC - assumed 'PRC' D:\wamp\www\tpvo\WebApp\Lib\Action\IndexAction.class.php 第 12 行.
SQL: SHOW COLUMNS FROM `think_theme` [ RunTime:0.015278s ]
SQL: SHOW COLUMNS FROM `think_option` [ RunTime:0.003022s ]
SQL: SHOW COLUMNS FROM `think_users` [ RunTime:0.003779s ]
SQL: SHOW COLUMNS FROM `think_ucenter` [ RunTime:0.003218s ]
SQL: SHOW COLUMNS FROM `think_vote` [ RunTime:0.003155s ]
NOTIC: [8] Undefined index: userid D:\wamp\www\tpvo\WebApp\Lib\Action\IndexAction.class.php 第 20 行.
SQL: SELECT * FROM `think_theme` WHERE ( `zt` = 0 ) ORDER BY tid desc LIMIT 5   [ RunTime:0.000621s ]
SQL: SELECT * FROM `think_theme` WHERE ( `zt` = 0 ) ORDER BY count desc LIMIT 5   [ RunTime:0.000566s ]
SQL: SELECT * FROM `think_theme` WHERE ( `zt` = 1 ) ORDER BY count desc LIMIT 5   [ RunTime:0.000573s ]
INFO: [ view_template ] --START--
INFO: Run LocationTemplate Behavior [ RunTime:-0.051065s ]
INFO: [ view_template ] --END-- [ RunTime:0.001066s ]
INFO: [ view_parse ] --START--
INFO: Run ParseTemplate Behavior [ RunTime:-0.052285s ]
INFO: [ view_parse ] --END-- [ RunTime:0.008297s ]
INFO: [ view_filter ] --START--
INFO: Run ContentReplace Behavior [ RunTime:-0.060678s ]
INFO: Run TokenBuild Behavior [ RunTime:-0.061289s ]
INFO: Run WriteHtmlCache Behavior [ RunTime:-0.061965s ]
INFO: Run ShowRuntime Behavior [ RunTime:-0.062630s ]
INFO: [ view_filter ] --END-- [ RunTime:0.002868s ]
INFO: [ view_end ] --START--
INFO: Run ShowPageTrace Behavior [ RunTime:-0.063716s ]
INFO: [ view_end ] --END-- [ RunTime:0.001143s ]

[ 2015-07-23T11:26:54+08:00 ] 127.0.0.1 /tpvo/
INFO: [ app_begin ] --START--
INFO: Run ReadHtmlCache Behavior [ RunTime:0.000789s ]
INFO: [ app_begin ] --END-- [ RunTime:0.000982s ]
NOTIC: [2048] Declaration of IndexAction::show() should be compatible with that of Action::show() D:\wamp\www\tpvo\WebApp\Lib\Action\IndexAction.class.php 第 772 行.
NOTIC: [8] Use of undefined constant PRC - assumed 'PRC' D:\wamp\www\tpvo\WebApp\Lib\Action\IndexAction.class.php 第 12 行.
SQL: SHOW COLUMNS FROM `think_theme` [ RunTime:0.002588s ]
SQL: SHOW COLUMNS FROM `think_option` [ RunTime:0.002925s ]
SQL: SHOW COLUMNS FROM `think_users` [ RunTime:0.003019s ]
SQL: SHOW COLUMNS FROM `think_ucenter` [ RunTime:0.002424s ]
SQL: SHOW COLUMNS FROM `think_vote` [ RunTime:0.002421s ]
NOTIC: [8] Undefined index: userid D:\wamp\www\tpvo\WebApp\Lib\Action\IndexAction.class.php 第 20 行.
SQL: SELECT * FROM `think_theme` WHERE ( `zt` = 0 ) ORDER BY tid desc LIMIT 5   [ RunTime:0.000456s ]
SQL: SELECT * FROM `think_theme` WHERE ( `zt` = 0 ) ORDER BY count desc LIMIT 5   [ RunTime:0.000372s ]
SQL: SELECT * FROM `think_theme` WHERE ( `zt` = 1 ) ORDER BY count desc LIMIT 5   [ RunTime:0.000232s ]
INFO: [ view_template ] --START--
INFO: Run LocationTemplate Behavior [ RunTime:-0.037878s ]
INFO: [ view_template ] --END-- [ RunTime:0.000727s ]
INFO: [ view_parse ] --START--
INFO: Run ParseTemplate Behavior [ RunTime:-0.038696s ]
INFO: [ view_parse ] --END-- [ RunTime:0.005170s ]
INFO: [ view_filter ] --START--
INFO: Run ContentReplace Behavior [ RunTime:-0.043904s ]
INFO: Run TokenBuild Behavior [ RunTime:-0.044342s ]
INFO: Run WriteHtmlCache Behavior [ RunTime:-0.044822s ]
INFO: Run ShowRuntime Behavior [ RunTime:-0.045208s ]
INFO: [ view_filter ] --END-- [ RunTime:0.001894s ]
INFO: [ view_end ] --START--
INFO: Run ShowPageTrace Behavior [ RunTime:-0.045892s ]
INFO: [ view_end ] --END-- [ RunTime:0.000600s ]

[ 2015-07-23T11:27:01+08:00 ] 127.0.0.1 /tpvo/
INFO: [ app_begin ] --START--
INFO: Run ReadHtmlCache Behavior [ RunTime:0.000597s ]
INFO: [ app_begin ] --END-- [ RunTime:0.000705s ]
NOTIC: [2048] Declaration of IndexAction::show() should be compatible with that of Action::show() D:\wamp\www\tpvo\WebApp\Lib\Action\IndexAction.class.php 第 772 行.
NOTIC: [8] Use of undefined constant PRC - assumed 'PRC' D:\wamp\www\tpvo\WebApp\Lib\Action\IndexAction.class.php 第 12 行.
SQL: SHOW COLUMNS FROM `think_theme` [ RunTime:0.003347s ]
SQL: SHOW COLUMNS FROM `think_option` [ RunTime:0.002127s ]
SQL: SHOW COLUMNS FROM `think_users` [ RunTime:0.001930s ]
SQL: SHOW COLUMNS FROM `think_ucenter` [ RunTime:0.001981s ]
SQL: SHOW COLUMNS FROM `think_vote` [ RunTime:0.001927s ]
NOTIC: [8] Undefined index: userid D:\wamp\www\tpvo\WebApp\Lib\Action\IndexAction.class.php 第 20 行.
SQL: SELECT * FROM `think_theme` WHERE ( `zt` = 0 ) ORDER BY tid desc LIMIT 5   [ RunTime:0.000341s ]
SQL: SELECT * FROM `think_theme` WHERE ( `zt` = 0 ) ORDER BY count desc LIMIT 5   [ RunTime:0.000219s ]
SQL: SELECT * FROM `think_theme` WHERE ( `zt` = 1 ) ORDER BY count desc LIMIT 5   [ RunTime:0.000389s ]
INFO: [ view_template ] --START--
INFO: Run LocationTemplate Behavior [ RunTime:-0.029599s ]
INFO: [ view_template ] --END-- [ RunTime:0.000728s ]
INFO: [ view_parse ] --START--
INFO: Run ParseTemplate Behavior [ RunTime:-0.030404s ]
INFO: [ view_parse ] --END-- [ RunTime:0.005730s ]
INFO: [ view_filter ] --START--
INFO: Run ContentReplace Behavior [ RunTime:-0.036233s ]
INFO: Run TokenBuild Behavior [ RunTime:-0.036860s ]
INFO: Run WriteHtmlCache Behavior [ RunTime:-0.037314s ]
INFO: Run ShowRuntime Behavior [ RunTime:-0.037655s ]
INFO: [ view_filter ] --END-- [ RunTime:0.001975s ]
INFO: [ view_end ] --START--
INFO: Run ShowPageTrace Behavior [ RunTime:-0.038287s ]
INFO: [ view_end ] --END-- [ RunTime:0.000646s ]

[ 2015-07-23T11:32:53+08:00 ] 127.0.0.1 /tpvo/
INFO: [ app_begin ] --START--
INFO: Run ReadHtmlCache Behavior [ RunTime:0.001191s ]
INFO: [ app_begin ] --END-- [ RunTime:0.001384s ]
NOTIC: [2048] Declaration of IndexAction::show() should be compatible with that of Action::show() D:\wamp\www\tpvo\WebApp\Lib\Action\IndexAction.class.php 第 772 行.
NOTIC: [8] Use of undefined constant PRC - assumed 'PRC' D:\wamp\www\tpvo\WebApp\Lib\Action\IndexAction.class.php 第 12 行.
SQL: SHOW COLUMNS FROM `think_theme` [ RunTime:0.033608s ]
SQL: SHOW COLUMNS FROM `think_option` [ RunTime:0.004111s ]
SQL: SHOW COLUMNS FROM `think_users` [ RunTime:0.004069s ]
SQL: SHOW COLUMNS FROM `think_ucenter` [ RunTime:0.004326s ]
SQL: SHOW COLUMNS FROM `think_vote` [ RunTime:0.004261s ]
NOTIC: [8] Undefined index: userid D:\wamp\www\tpvo\WebApp\Lib\Action\IndexAction.class.php 第 20 行.
SQL: SELECT * FROM `think_theme` WHERE ( `zt` = 0 ) ORDER BY tid desc LIMIT 5   [ RunTime:0.000706s ]
SQL: SELECT * FROM `think_theme` WHERE ( `zt` = 0 ) ORDER BY count desc LIMIT 5   [ RunTime:0.000511s ]
SQL: SELECT * FROM `think_theme` WHERE ( `zt` = 1 ) ORDER BY count desc LIMIT 5   [ RunTime:0.000425s ]
INFO: [ view_template ] --START--
INFO: Run LocationTemplate Behavior [ RunTime:-0.072175s ]
INFO: [ view_template ] --END-- [ RunTime:0.000974s ]
INFO: [ view_parse ] --START--
INFO: Run ParseTemplate Behavior [ RunTime:-0.073206s ]
INFO: [ view_parse ] --END-- [ RunTime:0.006169s ]
INFO: [ view_filter ] --START--
INFO: Run ContentReplace Behavior [ RunTime:-0.079433s ]
INFO: Run TokenBuild Behavior [ RunTime:-0.079971s ]
INFO: Run WriteHtmlCache Behavior [ RunTime:-0.080530s ]
INFO: Run ShowRuntime Behavior [ RunTime:-0.080964s ]
INFO: [ view_filter ] --END-- [ RunTime:0.002196s ]
INFO: [ view_end ] --START--
INFO: Run ShowPageTrace Behavior [ RunTime:-0.081728s ]
INFO: [ view_end ] --END-- [ RunTime:0.000710s ]

[ 2015-07-23T11:32:55+08:00 ] 127.0.0.1 /tpvo/
INFO: [ app_begin ] --START--
INFO: Run ReadHtmlCache Behavior [ RunTime:0.002659s ]
INFO: [ app_begin ] --END-- [ RunTime:0.002894s ]
NOTIC: [2048] Declaration of IndexAction::show() should be compatible with that of Action::show() D:\wamp\www\tpvo\WebApp\Lib\Action\IndexAction.class.php 第 772 行.
NOTIC: [8] Use of undefined constant PRC - assumed 'PRC' D:\wamp\www\tpvo\WebApp\Lib\Action\IndexAction.class.php 第 12 行.
SQL: SHOW COLUMNS FROM `think_theme` [ RunTime:0.087960s ]
SQL: SHOW COLUMNS FROM `think_option` [ RunTime:0.004105s ]
SQL: SHOW COLUMNS FROM `think_users` [ RunTime:0.003407s ]
SQL: SHOW COLUMNS FROM `think_ucenter` [ RunTime:0.003450s ]
SQL: SHOW COLUMNS FROM `think_vote` [ RunTime:0.003561s ]
NOTIC: [8] Undefined index: userid D:\wamp\www\tpvo\WebApp\Lib\Action\IndexAction.class.php 第 20 行.
SQL: SELECT * FROM `think_theme` WHERE ( `zt` = 0 ) ORDER BY tid desc LIMIT 5   [ RunTime:0.000634s ]
SQL: SELECT * FROM `think_theme` WHERE ( `zt` = 0 ) ORDER BY count desc LIMIT 5   [ RunTime:0.000505s ]
SQL: SELECT * FROM `think_theme` WHERE ( `zt` = 1 ) ORDER BY count desc LIMIT 5   [ RunTime:0.000425s ]
INFO: [ view_template ] --START--
INFO: Run LocationTemplate Behavior [ RunTime:-0.125688s ]
INFO: [ view_template ] --END-- [ RunTime:0.001346s ]
INFO: [ view_parse ] --START--
INFO: Run ParseTemplate Behavior [ RunTime:-0.127169s ]
INFO: [ view_parse ] --END-- [ RunTime:0.010232s ]
INFO: [ view_filter ] --START--
INFO: Run ContentReplace Behavior [ RunTime:-0.137487s ]
INFO: Run TokenBuild Behavior [ RunTime:-0.138309s ]
INFO: Run WriteHtmlCache Behavior [ RunTime:-0.139353s ]
INFO: Run ShowRuntime Behavior [ RunTime:-0.140011s ]
INFO: [ view_filter ] --END-- [ RunTime:0.003164s ]
INFO: [ view_end ] --START--
INFO: Run ShowPageTrace Behavior [ RunTime:-0.140719s ]
INFO: [ view_end ] --END-- [ RunTime:0.000662s ]

[ 2015-07-23T11:35:01+08:00 ] 127.0.0.1 /tpvo/
INFO: [ app_begin ] --START--
INFO: Run ReadHtmlCache Behavior [ RunTime:0.000826s ]
INFO: [ app_begin ] --END-- [ RunTime:0.001666s ]
NOTIC: [2048] Declaration of IndexAction::show() should be compatible with that of Action::show() D:\wamp\www\tpvo\WebApp\Lib\Action\IndexAction.class.php 第 772 行.
NOTIC: [8] Use of undefined constant PRC - assumed 'PRC' D:\wamp\www\tpvo\WebApp\Lib\Action\IndexAction.class.php 第 12 行.
SQL: SHOW COLUMNS FROM `think_theme` [ RunTime:0.002815s ]
SQL: SHOW COLUMNS FROM `think_option` [ RunTime:0.002750s ]
SQL: SHOW COLUMNS FROM `think_users` [ RunTime:0.003322s ]
SQL: SHOW COLUMNS FROM `think_ucenter` [ RunTime:0.002729s ]
SQL: SHOW COLUMNS FROM `think_vote` [ RunTime:0.002368s ]
NOTIC: [8] Undefined index: userid D:\wamp\www\tpvo\WebApp\Lib\Action\IndexAction.class.php 第 20 行.
SQL: SELECT * FROM `think_theme` WHERE ( `zt` = 0 ) ORDER BY tid desc LIMIT 5   [ RunTime:0.000340s ]
SQL: SELECT * FROM `think_theme` WHERE ( `zt` = 0 ) ORDER BY count desc LIMIT 5   [ RunTime:0.000235s ]
SQL: SELECT * FROM `think_theme` WHERE ( `zt` = 1 ) ORDER BY count desc LIMIT 5   [ RunTime:0.000202s ]
INFO: [ view_template ] --START--
INFO: Run LocationTemplate Behavior [ RunTime:-0.029295s ]
INFO: [ view_template ] --END-- [ RunTime:0.000902s ]
INFO: [ view_parse ] --START--
INFO: Run ParseTemplate Behavior [ RunTime:-0.030355s ]
INFO: [ view_parse ] --END-- [ RunTime:0.006519s ]
INFO: [ view_filter ] --START--
INFO: Run ContentReplace Behavior [ RunTime:-0.036904s ]
INFO: Run TokenBuild Behavior [ RunTime:-0.037341s ]
INFO: Run WriteHtmlCache Behavior [ RunTime:-0.037752s ]
INFO: Run ShowRuntime Behavior [ RunTime:-0.038024s ]
INFO: [ view_filter ] --END-- [ RunTime:0.001636s ]
INFO: [ view_end ] --START--
INFO: Run ShowPageTrace Behavior [ RunTime:-0.038640s ]
INFO: [ view_end ] --END-- [ RunTime:0.000530s ]

[ 2015-07-23T11:35:02+08:00 ] 127.0.0.1 /tpvo/
INFO: [ app_begin ] --START--
INFO: Run ReadHtmlCache Behavior [ RunTime:0.000606s ]
INFO: [ app_begin ] --END-- [ RunTime:0.000727s ]
NOTIC: [2048] Declaration of IndexAction::show() should be compatible with that of Action::show() D:\wamp\www\tpvo\WebApp\Lib\Action\IndexAction.class.php 第 772 行.
NOTIC: [8] Use of undefined constant PRC - assumed 'PRC' D:\wamp\www\tpvo\WebApp\Lib\Action\IndexAction.class.php 第 12 行.
SQL: SHOW COLUMNS FROM `think_theme` [ RunTime:0.002977s ]
SQL: SHOW COLUMNS FROM `think_option` [ RunTime:0.003298s ]
SQL: SHOW COLUMNS FROM `think_users` [ RunTime:0.003301s ]
SQL: SHOW COLUMNS FROM `think_ucenter` [ RunTime:0.003443s ]
SQL: SHOW COLUMNS FROM `think_vote` [ RunTime:0.003674s ]
NOTIC: [8] Undefined index: userid D:\wamp\www\tpvo\WebApp\Lib\Action\IndexAction.class.php 第 20 行.
SQL: SELECT * FROM `think_theme` WHERE ( `zt` = 0 ) ORDER BY tid desc LIMIT 5   [ RunTime:0.000531s ]
SQL: SELECT * FROM `think_theme` WHERE ( `zt` = 0 ) ORDER BY count desc LIMIT 5   [ RunTime:0.000482s ]
SQL: SELECT * FROM `think_theme` WHERE ( `zt` = 1 ) ORDER BY count desc LIMIT 5   [ RunTime:0.000394s ]
INFO: [ view_template ] --START--
INFO: Run LocationTemplate Behavior [ RunTime:-0.032276s ]
INFO: [ view_template ] --END-- [ RunTime:0.000883s ]
INFO: [ view_parse ] --START--
INFO: Run ParseTemplate Behavior [ RunTime:-0.033271s ]
INFO: [ view_parse ] --END-- [ RunTime:0.006586s ]
INFO: [ view_filter ] --START--
INFO: Run ContentReplace Behavior [ RunTime:-0.039942s ]
INFO: Run TokenBuild Behavior [ RunTime:-0.040775s ]
INFO: Run WriteHtmlCache Behavior [ RunTime:-0.041444s ]
INFO: Run ShowRuntime Behavior [ RunTime:-0.041899s ]
INFO: [ view_filter ] --END-- [ RunTime:0.002593s ]
INFO: [ view_end ] --START--
INFO: Run ShowPageTrace Behavior [ RunTime:-0.042637s ]
INFO: [ view_end ] --END-- [ RunTime:0.000642s ]

[ 2015-07-23T11:35:03+08:00 ] 127.0.0.1 /tpvo/
INFO: [ app_begin ] --START--
INFO: Run ReadHtmlCache Behavior [ RunTime:0.000441s ]
INFO: [ app_begin ] --END-- [ RunTime:0.000542s ]
NOTIC: [2048] Declaration of IndexAction::show() should be compatible with that of Action::show() D:\wamp\www\tpvo\WebApp\Lib\Action\IndexAction.class.php 第 772 行.
NOTIC: [8] Use of undefined constant PRC - assumed 'PRC' D:\wamp\www\tpvo\WebApp\Lib\Action\IndexAction.class.php 第 12 行.
SQL: SHOW COLUMNS FROM `think_theme` [ RunTime:0.002479s ]
SQL: SHOW COLUMNS FROM `think_option` [ RunTime:0.002524s ]
SQL: SHOW COLUMNS FROM `think_users` [ RunTime:0.002691s ]
SQL: SHOW COLUMNS FROM `think_ucenter` [ RunTime:0.002073s ]
SQL: SHOW COLUMNS FROM `think_vote` [ RunTime:0.002222s ]
NOTIC: [8] Undefined index: userid D:\wamp\www\tpvo\WebApp\Lib\Action\IndexAction.class.php 第 20 行.
SQL: SELECT * FROM `think_theme` WHERE ( `zt` = 0 ) ORDER BY tid desc LIMIT 5   [ RunTime:0.000373s ]
SQL: SELECT * FROM `think_theme` WHERE ( `zt` = 0 ) ORDER BY count desc LIMIT 5   [ RunTime:0.000226s ]
SQL: SELECT * FROM `think_theme` WHERE ( `zt` = 1 ) ORDER BY count desc LIMIT 5   [ RunTime:0.000207s ]
INFO: [ view_template ] --START--
INFO: Run LocationTemplate Behavior [ RunTime:-0.024670s ]
INFO: [ view_template ] --END-- [ RunTime:0.000685s ]
INFO: [ view_parse ] --START--
INFO: Run ParseTemplate Behavior [ RunTime:-0.025442s ]
INFO: [ view_parse ] --END-- [ RunTime:0.007169s ]
INFO: [ view_filter ] --START--
INFO: Run ContentReplace Behavior [ RunTime:-0.032672s ]
INFO: Run TokenBuild Behavior [ RunTime:-0.033069s ]
INFO: Run WriteHtmlCache Behavior [ RunTime:-0.033516s ]
INFO: Run ShowRuntime Behavior [ RunTime:-0.033838s ]
INFO: [ view_filter ] --END-- [ RunTime:0.001673s ]
INFO: [ view_end ] --START--
INFO: Run ShowPageTrace Behavior [ RunTime:-0.034484s ]
INFO: [ view_end ] --END-- [ RunTime:0.000549s ]

[ 2015-07-23T11:35:17+08:00 ] 127.0.0.1 /tpvo/
INFO: [ app_begin ] --START--
INFO: Run ReadHtmlCache Behavior [ RunTime:0.000782s ]
INFO: [ app_begin ] --END-- [ RunTime:0.000946s ]
NOTIC: [2048] Declaration of IndexAction::show() should be compatible with that of Action::show() D:\wamp\www\tpvo\WebApp\Lib\Action\IndexAction.class.php 第 772 行.
NOTIC: [8] Use of undefined constant PRC - assumed 'PRC' D:\wamp\www\tpvo\WebApp\Lib\Action\IndexAction.class.php 第 12 行.
SQL: SHOW COLUMNS FROM `think_theme` [ RunTime:0.002604s ]
SQL: SHOW COLUMNS FROM `think_option` [ RunTime:0.002017s ]
SQL: SHOW COLUMNS FROM `think_users` [ RunTime:0.002189s ]
SQL: SHOW COLUMNS FROM `think_ucenter` [ RunTime:0.002190s ]
SQL: SHOW COLUMNS FROM `think_vote` [ RunTime:0.002270s ]
NOTIC: [8] Undefined index: userid D:\wamp\www\tpvo\WebApp\Lib\Action\IndexAction.class.php 第 20 行.
SQL: SELECT * FROM `think_theme` WHERE ( `zt` = 0 ) ORDER BY tid desc LIMIT 5   [ RunTime:0.000340s ]
SQL: SELECT * FROM `think_theme` WHERE ( `zt` = 0 ) ORDER BY count desc LIMIT 5   [ RunTime:0.000284s ]
SQL: SELECT * FROM `think_theme` WHERE ( `zt` = 1 ) ORDER BY count desc LIMIT 5   [ RunTime:0.000188s ]
INFO: [ view_template ] --START--
INFO: Run LocationTemplate Behavior [ RunTime:-0.024007s ]
INFO: [ view_template ] --END-- [ RunTime:0.000522s ]
INFO: [ view_parse ] --START--
INFO: Run ParseTemplate Behavior [ RunTime:-0.024618s ]
INFO: [ view_parse ] --END-- [ RunTime:0.005273s ]
INFO: [ view_filter ] --START--
INFO: Run ContentReplace Behavior [ RunTime:-0.029966s ]
INFO: Run TokenBuild Behavior [ RunTime:-0.030327s ]
INFO: Run WriteHtmlCache Behavior [ RunTime:-0.030706s ]
INFO: Run ShowRuntime Behavior [ RunTime:-0.030983s ]
INFO: [ view_filter ] --END-- [ RunTime:0.001507s ]
INFO: [ view_end ] --START--
INFO: Run ShowPageTrace Behavior [ RunTime:-0.031572s ]
INFO: [ view_end ] --END-- [ RunTime:0.000522s ]

[ 2015-07-23T11:35:36+08:00 ] 127.0.0.1 /tpvo/
INFO: [ app_begin ] --START--
INFO: Run ReadHtmlCache Behavior [ RunTime:0.000647s ]
INFO: [ app_begin ] --END-- [ RunTime:0.000800s ]
NOTIC: [2048] Declaration of IndexAction::show() should be compatible with that of Action::show() D:\wamp\www\tpvo\WebApp\Lib\Action\IndexAction.class.php 第 772 行.
NOTIC: [8] Use of undefined constant PRC - assumed 'PRC' D:\wamp\www\tpvo\WebApp\Lib\Action\IndexAction.class.php 第 12 行.
SQL: SHOW COLUMNS FROM `think_theme` [ RunTime:0.002945s ]
SQL: SHOW COLUMNS FROM `think_option` [ RunTime:0.003817s ]
SQL: SHOW COLUMNS FROM `think_users` [ RunTime:0.002506s ]
SQL: SHOW COLUMNS FROM `think_ucenter` [ RunTime:0.002224s ]
SQL: SHOW COLUMNS FROM `think_vote` [ RunTime:0.002729s ]
NOTIC: [8] Undefined index: userid D:\wamp\www\tpvo\WebApp\Lib\Action\IndexAction.class.php 第 20 行.
SQL: SELECT * FROM `think_theme` WHERE ( `zt` = 0 ) ORDER BY tid desc LIMIT 5   [ RunTime:0.000508s ]
SQL: SELECT * FROM `think_theme` WHERE ( `zt` = 0 ) ORDER BY count desc LIMIT 5   [ RunTime:0.000385s ]
SQL: SELECT * FROM `think_theme` WHERE ( `zt` = 1 ) ORDER BY count desc LIMIT 5   [ RunTime:0.000277s ]
INFO: [ view_template ] --START--
INFO: Run LocationTemplate Behavior [ RunTime:-0.036088s ]
INFO: [ view_template ] --END-- [ RunTime:0.000622s ]
INFO: [ view_parse ] --START--
INFO: Run ParseTemplate Behavior [ RunTime:-0.036834s ]
INFO: [ view_parse ] --END-- [ RunTime:0.005317s ]
INFO: [ view_filter ] --START--
INFO: Run ContentReplace Behavior [ RunTime:-0.042198s ]
INFO: Run TokenBuild Behavior [ RunTime:-0.042556s ]
INFO: Run WriteHtmlCache Behavior [ RunTime:-0.042934s ]
INFO: Run ShowRuntime Behavior [ RunTime:-0.043211s ]
INFO: [ view_filter ] --END-- [ RunTime:0.001500s ]
INFO: [ view_end ] --START--
INFO: Run ShowPageTrace Behavior [ RunTime:-0.043804s ]
INFO: [ view_end ] --END-- [ RunTime:0.000571s ]

[ 2015-07-23T11:38:26+08:00 ] 127.0.0.1 /tpvo/
INFO: [ app_begin ] --START--
INFO: Run ReadHtmlCache Behavior [ RunTime:0.000467s ]
INFO: [ app_begin ] --END-- [ RunTime:0.000570s ]
NOTIC: [2048] Declaration of IndexAction::show() should be compatible with that of Action::show() D:\wamp\www\tpvo\WebApp\Lib\Action\IndexAction.class.php 第 772 行.
NOTIC: [8] Use of undefined constant PRC - assumed 'PRC' D:\wamp\www\tpvo\WebApp\Lib\Action\IndexAction.class.php 第 12 行.
SQL: SHOW COLUMNS FROM `think_theme` [ RunTime:0.004660s ]
SQL: SHOW COLUMNS FROM `think_option` [ RunTime:0.004720s ]
SQL: SHOW COLUMNS FROM `think_users` [ RunTime:0.003429s ]
SQL: SHOW COLUMNS FROM `think_ucenter` [ RunTime:0.003911s ]
SQL: SHOW COLUMNS FROM `think_vote` [ RunTime:0.003819s ]
NOTIC: [8] Undefined index: userid D:\wamp\www\tpvo\WebApp\Lib\Action\IndexAction.class.php 第 20 行.
SQL: SELECT * FROM `think_theme` WHERE ( `zt` = 0 ) ORDER BY tid desc LIMIT 5   [ RunTime:0.001739s ]
SQL: SELECT * FROM `think_theme` WHERE ( `zt` = 0 ) ORDER BY count desc LIMIT 5   [ RunTime:0.000563s ]
SQL: SELECT * FROM `think_theme` WHERE ( `zt` = 1 ) ORDER BY count desc LIMIT 5   [ RunTime:0.000451s ]
INFO: [ view_template ] --START--
INFO: Run LocationTemplate Behavior [ RunTime:-0.040004s ]
INFO: [ view_template ] --END-- [ RunTime:0.001458s ]
INFO: [ view_parse ] --START--
INFO: Run ParseTemplate Behavior [ RunTime:-0.041644s ]
INFO: [ view_parse ] --END-- [ RunTime:0.009605s ]
INFO: [ view_filter ] --START--
INFO: Run ContentReplace Behavior [ RunTime:-0.051267s ]
INFO: Run TokenBuild Behavior [ RunTime:-0.051694s ]
INFO: Run WriteHtmlCache Behavior [ RunTime:-0.052445s ]
INFO: Run ShowRuntime Behavior [ RunTime:-0.053031s ]
INFO: [ view_filter ] --END-- [ RunTime:0.002941s ]
INFO: [ view_end ] --START--
INFO: Run ShowPageTrace Behavior [ RunTime:-0.054420s ]
INFO: [ view_end ] --END-- [ RunTime:0.000814s ]

[ 2015-07-23T11:48:09+08:00 ] 127.0.0.1 /tpvo/
INFO: [ app_begin ] --START--
INFO: Run ReadHtmlCache Behavior [ RunTime:0.000580s ]
INFO: [ app_begin ] --END-- [ RunTime:0.000683s ]
NOTIC: [2048] Declaration of IndexAction::show() should be compatible with that of Action::show() D:\wamp\www\tpvo\WebApp\Lib\Action\IndexAction.class.php 第 772 行.
NOTIC: [8] Use of undefined constant PRC - assumed 'PRC' D:\wamp\www\tpvo\WebApp\Lib\Action\IndexAction.class.php 第 12 行.
SQL: SHOW COLUMNS FROM `think_theme` [ RunTime:0.003911s ]
SQL: SHOW COLUMNS FROM `think_option` [ RunTime:0.002620s ]
SQL: SHOW COLUMNS FROM `think_users` [ RunTime:0.002703s ]
SQL: SHOW COLUMNS FROM `think_ucenter` [ RunTime:0.002674s ]
SQL: SHOW COLUMNS FROM `think_vote` [ RunTime:0.002577s ]
NOTIC: [8] Undefined index: userid D:\wamp\www\tpvo\WebApp\Lib\Action\IndexAction.class.php 第 20 行.
SQL: SELECT * FROM `think_theme` WHERE ( `zt` = 0 ) ORDER BY tid desc LIMIT 5   [ RunTime:0.000359s ]
SQL: SELECT * FROM `think_theme` WHERE ( `zt` = 0 ) ORDER BY count desc LIMIT 5   [ RunTime:0.000242s ]
SQL: SELECT * FROM `think_theme` WHERE ( `zt` = 1 ) ORDER BY count desc LIMIT 5   [ RunTime:0.000205s ]
INFO: [ view_template ] --START--
INFO: Run LocationTemplate Behavior [ RunTime:-0.037454s ]
INFO: [ view_template ] --END-- [ RunTime:0.000745s ]
INFO: [ view_parse ] --START--
INFO: Run ParseTemplate Behavior [ RunTime:-0.038290s ]
INFO: [ view_parse ] --END-- [ RunTime:0.005644s ]
INFO: [ view_filter ] --START--
INFO: Run ContentReplace Behavior [ RunTime:-0.043994s ]
INFO: Run TokenBuild Behavior [ RunTime:-0.044414s ]
INFO: Run WriteHtmlCache Behavior [ RunTime:-0.044877s ]
INFO: Run ShowRuntime Behavior [ RunTime:-0.045225s ]
INFO: [ view_filter ] --END-- [ RunTime:0.001781s ]
INFO: [ view_end ] --START--
INFO: Run ShowPageTrace Behavior [ RunTime:-0.045875s ]
INFO: [ view_end ] --END-- [ RunTime:0.000574s ]

[ 2015-07-23T14:11:05+08:00 ] 127.0.0.1 /tpvo/
INFO: [ app_begin ] --START--
INFO: Run ReadHtmlCache Behavior [ RunTime:0.000652s ]
INFO: [ app_begin ] --END-- [ RunTime:0.000773s ]
NOTIC: [2048] Declaration of IndexAction::show() should be compatible with that of Action::show() D:\wamp\www\tpvo\WebApp\Lib\Action\IndexAction.class.php 第 772 行.
NOTIC: [8] Use of undefined constant PRC - assumed 'PRC' D:\wamp\www\tpvo\WebApp\Lib\Action\IndexAction.class.php 第 12 行.
SQL: SHOW COLUMNS FROM `think_theme` [ RunTime:0.003929s ]
SQL: SHOW COLUMNS FROM `think_option` [ RunTime:0.003348s ]
SQL: SHOW COLUMNS FROM `think_users` [ RunTime:0.003505s ]
SQL: SHOW COLUMNS FROM `think_ucenter` [ RunTime:0.003659s ]
SQL: SHOW COLUMNS FROM `think_vote` [ RunTime:0.003049s ]
NOTIC: [8] Undefined index: userid D:\wamp\www\tpvo\WebApp\Lib\Action\IndexAction.class.php 第 20 行.
SQL: SELECT * FROM `think_theme` WHERE ( `zt` = 0 ) ORDER BY tid desc LIMIT 5   [ RunTime:0.000414s ]
SQL: SELECT * FROM `think_theme` WHERE ( `zt` = 0 ) ORDER BY count desc LIMIT 5   [ RunTime:0.000248s ]
SQL: SELECT * FROM `think_theme` WHERE ( `zt` = 1 ) ORDER BY count desc LIMIT 5   [ RunTime:0.000196s ]
INFO: [ view_template ] --START--
INFO: Run LocationTemplate Behavior [ RunTime:-0.030474s ]
INFO: [ view_template ] --END-- [ RunTime:0.000774s ]
INFO: [ view_parse ] --START--
INFO: Run ParseTemplate Behavior [ RunTime:-0.031338s ]
INFO: [ view_parse ] --END-- [ RunTime:0.005867s ]
INFO: [ view_filter ] --START--
INFO: Run ContentReplace Behavior [ RunTime:-0.037263s ]
INFO: Run TokenBuild Behavior [ RunTime:-0.037687s ]
INFO: Run WriteHtmlCache Behavior [ RunTime:-0.038130s ]
INFO: Run ShowRuntime Behavior [ RunTime:-0.038464s ]
INFO: [ view_filter ] --END-- [ RunTime:0.001762s ]
INFO: [ view_end ] --START--
INFO: Run ShowPageTrace Behavior [ RunTime:-0.039120s ]
INFO: [ view_end ] --END-- [ RunTime:0.000594s ]

[ 2015-07-23T14:21:16+08:00 ] 127.0.0.1 /tpvo/
INFO: [ app_begin ] --START--
INFO: Run ReadHtmlCache Behavior [ RunTime:0.000660s ]
INFO: [ app_begin ] --END-- [ RunTime:0.000786s ]
NOTIC: [2048] Declaration of IndexAction::show() should be compatible with that of Action::show() D:\wamp\www\tpvo\WebApp\Lib\Action\IndexAction.class.php 第 772 行.
NOTIC: [8] Use of undefined constant PRC - assumed 'PRC' D:\wamp\www\tpvo\WebApp\Lib\Action\IndexAction.class.php 第 12 行.
SQL: SHOW COLUMNS FROM `think_theme` [ RunTime:0.004595s ]
SQL: SHOW COLUMNS FROM `think_option` [ RunTime:0.005484s ]
SQL: SHOW COLUMNS FROM `think_users` [ RunTime:0.003200s ]
SQL: SHOW COLUMNS FROM `think_ucenter` [ RunTime:0.002689s ]
SQL: SHOW COLUMNS FROM `think_vote` [ RunTime:0.002751s ]
NOTIC: [8] Undefined index: userid D:\wamp\www\tpvo\WebApp\Lib\Action\IndexAction.class.php 第 20 行.
SQL: SELECT * FROM `think_theme` WHERE ( `zt` = 0 ) ORDER BY tid desc LIMIT 5   [ RunTime:0.000356s ]
SQL: SELECT * FROM `think_theme` WHERE ( `zt` = 0 ) ORDER BY count desc LIMIT 5   [ RunTime:0.000250s ]
SQL: SELECT * FROM `think_theme` WHERE ( `zt` = 1 ) ORDER BY count desc LIMIT 5   [ RunTime:0.000206s ]
INFO: [ view_template ] --START--
INFO: Run LocationTemplate Behavior [ RunTime:-0.031353s ]
INFO: [ view_template ] --END-- [ RunTime:0.000912s ]
INFO: [ view_parse ] --START--
INFO: Run ParseTemplate Behavior [ RunTime:-0.032325s ]
INFO: [ view_parse ] --END-- [ RunTime:0.006053s ]
INFO: [ view_filter ] --START--
INFO: Run ContentReplace Behavior [ RunTime:-0.038435s ]
INFO: Run TokenBuild Behavior [ RunTime:-0.038852s ]
INFO: Run WriteHtmlCache Behavior [ RunTime:-0.039279s ]
INFO: Run ShowRuntime Behavior [ RunTime:-0.039598s ]
INFO: [ view_filter ] --END-- [ RunTime:0.001707s ]
INFO: [ view_end ] --START--
INFO: Run ShowPageTrace Behavior [ RunTime:-0.040241s ]
INFO: [ view_end ] --END-- [ RunTime:0.000593s ]

[ 2015-07-23T15:17:06+08:00 ] 127.0.0.1 /tpvo/
INFO: [ app_begin ] --START--
INFO: Run ReadHtmlCache Behavior [ RunTime:0.000524s ]
INFO: [ app_begin ] --END-- [ RunTime:0.000641s ]
NOTIC: [2048] Declaration of IndexAction::show() should be compatible with that of Action::show() D:\wamp\www\tpvo\WebApp\Lib\Action\IndexAction.class.php 第 772 行.
NOTIC: [8] Use of undefined constant PRC - assumed 'PRC' D:\wamp\www\tpvo\WebApp\Lib\Action\IndexAction.class.php 第 12 行.
SQL: SHOW COLUMNS FROM `think_theme` [ RunTime:0.004093s ]
SQL: SHOW COLUMNS FROM `think_option` [ RunTime:0.004126s ]
SQL: SHOW COLUMNS FROM `think_users` [ RunTime:0.004538s ]
SQL: SHOW COLUMNS FROM `think_ucenter` [ RunTime:0.003207s ]
SQL: SHOW COLUMNS FROM `think_vote` [ RunTime:0.002756s ]
NOTIC: [8] Undefined index: userid D:\wamp\www\tpvo\WebApp\Lib\Action\IndexAction.class.php 第 20 行.
SQL: SELECT * FROM `think_theme` WHERE ( `zt` = 0 ) ORDER BY tid desc LIMIT 5   [ RunTime:0.000366s ]
SQL: SELECT * FROM `think_theme` WHERE ( `zt` = 0 ) ORDER BY count desc LIMIT 5   [ RunTime:0.000233s ]
SQL: SELECT * FROM `think_theme` WHERE ( `zt` = 1 ) ORDER BY count desc LIMIT 5   [ RunTime:0.000187s ]
INFO: [ view_template ] --START--
INFO: Run LocationTemplate Behavior [ RunTime:-0.035549s ]
INFO: [ view_template ] --END-- [ RunTime:0.000658s ]
INFO: [ view_parse ] --START--
INFO: Run ParseTemplate Behavior [ RunTime:-0.036293s ]
INFO: [ view_parse ] --END-- [ RunTime:0.005947s ]
INFO: [ view_filter ] --START--
INFO: Run ContentReplace Behavior [ RunTime:-0.042373s ]
INFO: Run TokenBuild Behavior [ RunTime:-0.042862s ]
INFO: Run WriteHtmlCache Behavior [ RunTime:-0.043366s ]
INFO: Run ShowRuntime Behavior [ RunTime:-0.043664s ]
INFO: [ view_filter ] --END-- [ RunTime:0.001804s ]
INFO: [ view_end ] --START--
INFO: Run ShowPageTrace Behavior [ RunTime:-0.044253s ]
INFO: [ view_end ] --END-- [ RunTime:0.000553s ]

[ 2015-07-23T15:27:40+08:00 ] 127.0.0.1 /tpvo/
INFO: [ app_begin ] --START--
INFO: Run ReadHtmlCache Behavior [ RunTime:0.000569s ]
INFO: [ app_begin ] --END-- [ RunTime:0.000668s ]
NOTIC: [2048] Declaration of IndexAction::show() should be compatible with that of Action::show() D:\wamp\www\tpvo\WebApp\Lib\Action\IndexAction.class.php 第 772 行.
NOTIC: [8] Use of undefined constant PRC - assumed 'PRC' D:\wamp\www\tpvo\WebApp\Lib\Action\IndexAction.class.php 第 12 行.
SQL: SHOW COLUMNS FROM `think_theme` [ RunTime:0.002925s ]
SQL: SHOW COLUMNS FROM `think_option` [ RunTime:0.002507s ]
SQL: SHOW COLUMNS FROM `think_users` [ RunTime:0.002537s ]
SQL: SHOW COLUMNS FROM `think_ucenter` [ RunTime:0.002516s ]
SQL: SHOW COLUMNS FROM `think_vote` [ RunTime:0.002737s ]
NOTIC: [8] Undefined index: userid D:\wamp\www\tpvo\WebApp\Lib\Action\IndexAction.class.php 第 20 行.
SQL: SELECT * FROM `think_theme` WHERE ( `zt` = 0 ) ORDER BY tid desc LIMIT 5   [ RunTime:0.000478s ]
SQL: SELECT * FROM `think_theme` WHERE ( `zt` = 0 ) ORDER BY count desc LIMIT 5   [ RunTime:0.000343s ]
SQL: SELECT * FROM `think_theme` WHERE ( `zt` = 1 ) ORDER BY count desc LIMIT 5   [ RunTime:0.000285s ]
INFO: [ view_template ] --START--
INFO: Run LocationTemplate Behavior [ RunTime:-0.025718s ]
INFO: [ view_template ] --END-- [ RunTime:0.000751s ]
INFO: [ view_parse ] --START--
INFO: Run ParseTemplate Behavior [ RunTime:-0.026557s ]
INFO: [ view_parse ] --END-- [ RunTime:0.005606s ]
INFO: [ view_filter ] --START--
INFO: Run ContentReplace Behavior [ RunTime:-0.032224s ]
INFO: Run TokenBuild Behavior [ RunTime:-0.032651s ]
INFO: Run WriteHtmlCache Behavior [ RunTime:-0.033085s ]
INFO: Run ShowRuntime Behavior [ RunTime:-0.033418s ]
INFO: [ view_filter ] --END-- [ RunTime:0.001737s ]
INFO: [ view_end ] --START--
INFO: Run ShowPageTrace Behavior [ RunTime:-0.034058s ]
INFO: [ view_end ] --END-- [ RunTime:0.000607s ]

[ 2015-07-23T15:28:47+08:00 ] 127.0.0.1 /tpvo/
INFO: [ app_begin ] --START--
INFO: Run ReadHtmlCache Behavior [ RunTime:0.000904s ]
INFO: [ app_begin ] --END-- [ RunTime:0.001083s ]
NOTIC: [2048] Declaration of IndexAction::show() should be compatible with that of Action::show() D:\wamp\www\tpvo\WebApp\Lib\Action\IndexAction.class.php 第 772 行.
NOTIC: [8] Use of undefined constant PRC - assumed 'PRC' D:\wamp\www\tpvo\WebApp\Lib\Action\IndexAction.class.php 第 12 行.
SQL: SHOW COLUMNS FROM `think_theme` [ RunTime:0.003008s ]
SQL: SHOW COLUMNS FROM `think_option` [ RunTime:0.002590s ]
SQL: SHOW COLUMNS FROM `think_users` [ RunTime:0.002591s ]
SQL: SHOW COLUMNS FROM `think_ucenter` [ RunTime:0.002850s ]
SQL: SHOW COLUMNS FROM `think_vote` [ RunTime:0.002599s ]
NOTIC: [8] Undefined index: userid D:\wamp\www\tpvo\WebApp\Lib\Action\IndexAction.class.php 第 20 行.
SQL: SELECT * FROM `think_theme` WHERE ( `zt` = 0 ) ORDER BY tid desc LIMIT 5   [ RunTime:0.000347s ]
SQL: SELECT * FROM `think_theme` WHERE ( `zt` = 0 ) ORDER BY count desc LIMIT 5   [ RunTime:0.000220s ]
SQL: SELECT * FROM `think_theme` WHERE ( `zt` = 1 ) ORDER BY count desc LIMIT 5   [ RunTime:0.000174s ]
INFO: [ view_template ] --START--
INFO: Run LocationTemplate Behavior [ RunTime:-0.036614s ]
INFO: [ view_template ] --END-- [ RunTime:0.000721s ]
INFO: [ view_parse ] --START--
INFO: Run ParseTemplate Behavior [ RunTime:-0.037421s ]
INFO: [ view_parse ] --END-- [ RunTime:0.005785s ]
INFO: [ view_filter ] --START--
INFO: Run ContentReplace Behavior [ RunTime:-0.043259s ]
INFO: Run TokenBuild Behavior [ RunTime:-0.043673s ]
INFO: Run WriteHtmlCache Behavior [ RunTime:-0.044101s ]
INFO: Run ShowRuntime Behavior [ RunTime:-0.044419s ]
INFO: [ view_filter ] --END-- [ RunTime:0.001697s ]
INFO: [ view_end ] --START--
INFO: Run ShowPageTrace Behavior [ RunTime:-0.045088s ]
INFO: [ view_end ] --END-- [ RunTime:0.000634s ]

[ 2015-07-23T15:29:15+08:00 ] 127.0.0.1 /tpvo/
INFO: [ app_begin ] --START--
INFO: Run ReadHtmlCache Behavior [ RunTime:0.000461s ]
INFO: [ app_begin ] --END-- [ RunTime:0.000562s ]
NOTIC: [2048] Declaration of IndexAction::show() should be compatible with that of Action::show() D:\wamp\www\tpvo\WebApp\Lib\Action\IndexAction.class.php 第 772 行.
NOTIC: [8] Use of undefined constant PRC - assumed 'PRC' D:\wamp\www\tpvo\WebApp\Lib\Action\IndexAction.class.php 第 12 行.
SQL: SHOW COLUMNS FROM `think_theme` [ RunTime:0.003295s ]
SQL: SHOW COLUMNS FROM `think_option` [ RunTime:0.002951s ]
SQL: SHOW COLUMNS FROM `think_users` [ RunTime:0.002993s ]
SQL: SHOW COLUMNS FROM `think_ucenter` [ RunTime:0.004089s ]
SQL: SHOW COLUMNS FROM `think_vote` [ RunTime:0.003252s ]
NOTIC: [8] Undefined index: userid D:\wamp\www\tpvo\WebApp\Lib\Action\IndexAction.class.php 第 20 行.
SQL: SELECT * FROM `think_theme` WHERE ( `zt` = 0 ) ORDER BY tid desc LIMIT 5   [ RunTime:0.000360s ]
SQL: SELECT * FROM `think_theme` WHERE ( `zt` = 0 ) ORDER BY count desc LIMIT 5   [ RunTime:0.000235s ]
SQL: SELECT * FROM `think_theme` WHERE ( `zt` = 1 ) ORDER BY count desc LIMIT 5   [ RunTime:0.000173s ]
INFO: [ view_template ] --START--
INFO: Run LocationTemplate Behavior [ RunTime:-0.029000s ]
INFO: [ view_template ] --END-- [ RunTime:0.000664s ]
INFO: [ view_parse ] --START--
INFO: Run ParseTemplate Behavior [ RunTime:-0.029768s ]
INFO: [ view_parse ] --END-- [ RunTime:0.005639s ]
INFO: [ view_filter ] --START--
INFO: Run ContentReplace Behavior [ RunTime:-0.035457s ]
INFO: Run TokenBuild Behavior [ RunTime:-0.035871s ]
INFO: Run WriteHtmlCache Behavior [ RunTime:-0.036374s ]
INFO: Run ShowRuntime Behavior [ RunTime:-0.036642s ]
INFO: [ view_filter ] --END-- [ RunTime:0.001672s ]
INFO: [ view_end ] --START--
INFO: Run ShowPageTrace Behavior [ RunTime:-0.037227s ]
INFO: [ view_end ] --END-- [ RunTime:0.000544s ]

[ 2015-07-23T15:29:32+08:00 ] 127.0.0.1 /tpvo/
INFO: [ app_begin ] --START--
INFO: Run ReadHtmlCache Behavior [ RunTime:0.000789s ]
INFO: [ app_begin ] --END-- [ RunTime:0.000981s ]
NOTIC: [2048] Declaration of IndexAction::show() should be compatible with that of Action::show() D:\wamp\www\tpvo\WebApp\Lib\Action\IndexAction.class.php 第 772 行.
NOTIC: [8] Use of undefined constant PRC - assumed 'PRC' D:\wamp\www\tpvo\WebApp\Lib\Action\IndexAction.class.php 第 12 行.
SQL: SHOW COLUMNS FROM `think_theme` [ RunTime:0.002940s ]
SQL: SHOW COLUMNS FROM `think_option` [ RunTime:0.003044s ]
SQL: SHOW COLUMNS FROM `think_users` [ RunTime:0.002769s ]
SQL: SHOW COLUMNS FROM `think_ucenter` [ RunTime:0.002503s ]
SQL: SHOW COLUMNS FROM `think_vote` [ RunTime:0.002668s ]
NOTIC: [8] Undefined index: userid D:\wamp\www\tpvo\WebApp\Lib\Action\IndexAction.class.php 第 20 行.
SQL: SELECT * FROM `think_theme` WHERE ( `zt` = 0 ) ORDER BY tid desc LIMIT 5   [ RunTime:0.000398s ]
SQL: SELECT * FROM `think_theme` WHERE ( `zt` = 0 ) ORDER BY count desc LIMIT 5   [ RunTime:0.000259s ]
SQL: SELECT * FROM `think_theme` WHERE ( `zt` = 1 ) ORDER BY count desc LIMIT 5   [ RunTime:0.000201s ]
INFO: [ view_template ] --START--
INFO: Run LocationTemplate Behavior [ RunTime:-0.026876s ]
INFO: [ view_template ] --END-- [ RunTime:0.000642s ]
INFO: [ view_parse ] --START--
INFO: Run ParseTemplate Behavior [ RunTime:-0.027596s ]
INFO: [ view_parse ] --END-- [ RunTime:0.007215s ]
INFO: [ view_filter ] --START--
INFO: Run ContentReplace Behavior [ RunTime:-0.034920s ]
INFO: Run TokenBuild Behavior [ RunTime:-0.035634s ]
INFO: Run WriteHtmlCache Behavior [ RunTime:-0.036183s ]
INFO: Run ShowRuntime Behavior [ RunTime:-0.036600s ]
INFO: [ view_filter ] --END-- [ RunTime:0.002282s ]
INFO: [ view_end ] --START--
INFO: Run ShowPageTrace Behavior [ RunTime:-0.037292s ]
INFO: [ view_end ] --END-- [ RunTime:0.000605s ]

[ 2015-07-23T15:30:17+08:00 ] 127.0.0.1 /tpvo/
INFO: [ app_begin ] --START--
INFO: Run ReadHtmlCache Behavior [ RunTime:0.000445s ]
INFO: [ app_begin ] --END-- [ RunTime:0.000543s ]
NOTIC: [2048] Declaration of IndexAction::show() should be compatible with that of Action::show() D:\wamp\www\tpvo\WebApp\Lib\Action\IndexAction.class.php 第 772 行.
NOTIC: [8] Use of undefined constant PRC - assumed 'PRC' D:\wamp\www\tpvo\WebApp\Lib\Action\IndexAction.class.php 第 12 行.
SQL: SHOW COLUMNS FROM `think_theme` [ RunTime:0.005515s ]
SQL: SHOW COLUMNS FROM `think_option` [ RunTime:0.004955s ]
SQL: SHOW COLUMNS FROM `think_users` [ RunTime:0.004220s ]
SQL: SHOW COLUMNS FROM `think_ucenter` [ RunTime:0.005475s ]
SQL: SHOW COLUMNS FROM `think_vote` [ RunTime:0.004318s ]
NOTIC: [8] Undefined index: userid D:\wamp\www\tpvo\WebApp\Lib\Action\IndexAction.class.php 第 20 行.
SQL: SELECT * FROM `think_theme` WHERE ( `zt` = 0 ) ORDER BY tid desc LIMIT 5   [ RunTime:0.000652s ]
SQL: SELECT * FROM `think_theme` WHERE ( `zt` = 0 ) ORDER BY count desc LIMIT 5   [ RunTime:0.000467s ]
SQL: SELECT * FROM `think_theme` WHERE ( `zt` = 1 ) ORDER BY count desc LIMIT 5   [ RunTime:0.000333s ]
INFO: [ view_template ] --START--
INFO: Run LocationTemplate Behavior [ RunTime:-0.051772s ]
INFO: [ view_template ] --END-- [ RunTime:0.000554s ]
INFO: [ view_parse ] --START--
INFO: Run ParseTemplate Behavior [ RunTime:-0.052411s ]
INFO: [ view_parse ] --END-- [ RunTime:0.007887s ]
INFO: [ view_filter ] --START--
INFO: Run ContentReplace Behavior [ RunTime:-0.060420s ]
INFO: Run TokenBuild Behavior [ RunTime:-0.061028s ]
INFO: Run WriteHtmlCache Behavior [ RunTime:-0.061734s ]
INFO: Run ShowRuntime Behavior [ RunTime:-0.062177s ]
INFO: [ view_filter ] --END-- [ RunTime:0.002535s ]
INFO: [ view_end ] --START--
INFO: Run ShowPageTrace Behavior [ RunTime:-0.063135s ]
INFO: [ view_end ] --END-- [ RunTime:0.001207s ]

[ 2015-07-23T15:31:40+08:00 ] 127.0.0.1 /tpvo/
INFO: [ app_begin ] --START--
INFO: Run ReadHtmlCache Behavior [ RunTime:0.000554s ]
INFO: [ app_begin ] --END-- [ RunTime:0.000652s ]
NOTIC: [2048] Declaration of IndexAction::show() should be compatible with that of Action::show() D:\wamp\www\tpvo\WebApp\Lib\Action\IndexAction.class.php 第 772 行.
NOTIC: [8] Use of undefined constant PRC - assumed 'PRC' D:\wamp\www\tpvo\WebApp\Lib\Action\IndexAction.class.php 第 12 行.
SQL: SHOW COLUMNS FROM `think_theme` [ RunTime:0.003983s ]
SQL: SHOW COLUMNS FROM `think_option` [ RunTime:0.004825s ]
SQL: SHOW COLUMNS FROM `think_users` [ RunTime:0.003393s ]
SQL: SHOW COLUMNS FROM `think_ucenter` [ RunTime:0.002483s ]
SQL: SHOW COLUMNS FROM `think_vote` [ RunTime:0.002671s ]
NOTIC: [8] Undefined index: userid D:\wamp\www\tpvo\WebApp\Lib\Action\IndexAction.class.php 第 20 行.
SQL: SELECT * FROM `think_theme` WHERE ( `zt` = 0 ) ORDER BY tid desc LIMIT 5   [ RunTime:0.000379s ]
SQL: SELECT * FROM `think_theme` WHERE ( `zt` = 0 ) ORDER BY count desc LIMIT 5   [ RunTime:0.000227s ]
SQL: SELECT * FROM `think_theme` WHERE ( `zt` = 1 ) ORDER BY count desc LIMIT 5   [ RunTime:0.000172s ]
INFO: [ view_template ] --START--
INFO: Run LocationTemplate Behavior [ RunTime:-0.029257s ]
INFO: [ view_template ] --END-- [ RunTime:0.000732s ]
INFO: [ view_parse ] --START--
INFO: Run ParseTemplate Behavior [ RunTime:-0.030080s ]
INFO: [ view_parse ] --END-- [ RunTime:0.005966s ]
INFO: [ view_filter ] --START--
INFO: Run ContentReplace Behavior [ RunTime:-0.036106s ]
INFO: Run TokenBuild Behavior [ RunTime:-0.036546s ]
INFO: Run WriteHtmlCache Behavior [ RunTime:-0.036979s ]
INFO: Run ShowRuntime Behavior [ RunTime:-0.037306s ]
INFO: [ view_filter ] --END-- [ RunTime:0.001746s ]
INFO: [ view_end ] --START--
INFO: Run ShowPageTrace Behavior [ RunTime:-0.037948s ]
INFO: [ view_end ] --END-- [ RunTime:0.000761s ]

[ 2015-07-23T15:34:29+08:00 ] 127.0.0.1 /tpvo/
INFO: [ app_begin ] --START--
INFO: Run ReadHtmlCache Behavior [ RunTime:0.000731s ]
INFO: [ app_begin ] --END-- [ RunTime:0.000899s ]
NOTIC: [2048] Declaration of IndexAction::show() should be compatible with that of Action::show() D:\wamp\www\tpvo\WebApp\Lib\Action\IndexAction.class.php 第 772 行.
NOTIC: [8] Use of undefined constant PRC - assumed 'PRC' D:\wamp\www\tpvo\WebApp\Lib\Action\IndexAction.class.php 第 12 行.
SQL: SHOW COLUMNS FROM `think_theme` [ RunTime:0.003190s ]
SQL: SHOW COLUMNS FROM `think_option` [ RunTime:0.004000s ]
SQL: SHOW COLUMNS FROM `think_users` [ RunTime:0.004781s ]
SQL: SHOW COLUMNS FROM `think_ucenter` [ RunTime:0.004380s ]
SQL: SHOW COLUMNS FROM `think_vote` [ RunTime:0.003802s ]
NOTIC: [8] Undefined index: userid D:\wamp\www\tpvo\WebApp\Lib\Action\IndexAction.class.php 第 20 行.
SQL: SELECT * FROM `think_theme` WHERE ( `zt` = 0 ) ORDER BY tid desc LIMIT 5   [ RunTime:0.000884s ]
SQL: SELECT * FROM `think_theme` WHERE ( `zt` = 0 ) ORDER BY count desc LIMIT 5   [ RunTime:0.000546s ]
SQL: SELECT * FROM `think_theme` WHERE ( `zt` = 1 ) ORDER BY count desc LIMIT 5   [ RunTime:0.000436s ]
INFO: [ view_template ] --START--
INFO: Run LocationTemplate Behavior [ RunTime:-0.038738s ]
INFO: [ view_template ] --END-- [ RunTime:0.001089s ]
INFO: [ view_parse ] --START--
INFO: Run ParseTemplate Behavior [ RunTime:-0.040003s ]
INFO: [ view_parse ] --END-- [ RunTime:0.011366s ]
INFO: [ view_filter ] --START--
INFO: Run ContentReplace Behavior [ RunTime:-0.051510s ]
INFO: Run TokenBuild Behavior [ RunTime:-0.052009s ]
INFO: Run WriteHtmlCache Behavior [ RunTime:-0.052420s ]
INFO: Run ShowRuntime Behavior [ RunTime:-0.052739s ]
INFO: [ view_filter ] --END-- [ RunTime:0.001813s ]
INFO: [ view_end ] --START--
INFO: Run ShowPageTrace Behavior [ RunTime:-0.053376s ]
INFO: [ view_end ] --END-- [ RunTime:0.000591s ]

[ 2015-07-23T15:36:14+08:00 ] 127.0.0.1 /tpvo/
INFO: [ app_begin ] --START--
INFO: Run ReadHtmlCache Behavior [ RunTime:0.000779s ]
INFO: [ app_begin ] --END-- [ RunTime:0.000942s ]
NOTIC: [2048] Declaration of IndexAction::show() should be compatible with that of Action::show() D:\wamp\www\tpvo\WebApp\Lib\Action\IndexAction.class.php 第 772 行.
NOTIC: [8] Use of undefined constant PRC - assumed 'PRC' D:\wamp\www\tpvo\WebApp\Lib\Action\IndexAction.class.php 第 12 行.
SQL: SHOW COLUMNS FROM `think_theme` [ RunTime:0.006182s ]
SQL: SHOW COLUMNS FROM `think_option` [ RunTime:0.005031s ]
SQL: SHOW COLUMNS FROM `think_users` [ RunTime:0.003842s ]
SQL: SHOW COLUMNS FROM `think_ucenter` [ RunTime:0.003650s ]
SQL: SHOW COLUMNS FROM `think_vote` [ RunTime:0.005808s ]
NOTIC: [8] Undefined index: userid D:\wamp\www\tpvo\WebApp\Lib\Action\IndexAction.class.php 第 20 行.
SQL: SELECT * FROM `think_theme` WHERE ( `zt` = 0 ) ORDER BY tid desc LIMIT 5   [ RunTime:0.000686s ]
SQL: SELECT * FROM `think_theme` WHERE ( `zt` = 0 ) ORDER BY count desc LIMIT 5   [ RunTime:0.000444s ]
SQL: SELECT * FROM `think_theme` WHERE ( `zt` = 1 ) ORDER BY count desc LIMIT 5   [ RunTime:0.000210s ]
INFO: [ view_template ] --START--
INFO: Run LocationTemplate Behavior [ RunTime:-0.055949s ]
INFO: [ view_template ] --END-- [ RunTime:0.000561s ]
INFO: [ view_parse ] --START--
INFO: Run ParseTemplate Behavior [ RunTime:-0.056591s ]
INFO: [ view_parse ] --END-- [ RunTime:0.006409s ]
INFO: [ view_filter ] --START--
INFO: Run ContentReplace Behavior [ RunTime:-0.063160s ]
INFO: Run TokenBuild Behavior [ RunTime:-0.063974s ]
INFO: Run WriteHtmlCache Behavior [ RunTime:-0.064579s ]
INFO: Run ShowRuntime Behavior [ RunTime:-0.064953s ]
INFO: [ view_filter ] --END-- [ RunTime:0.002342s ]
INFO: [ view_end ] --START--
INFO: Run ShowPageTrace Behavior [ RunTime:-0.065582s ]
INFO: [ view_end ] --END-- [ RunTime:0.000881s ]

[ 2015-07-23T15:36:57+08:00 ] 127.0.0.1 /tpvo/
INFO: [ app_begin ] --START--
INFO: Run ReadHtmlCache Behavior [ RunTime:0.000872s ]
INFO: [ app_begin ] --END-- [ RunTime:0.000996s ]
NOTIC: [2048] Declaration of IndexAction::show() should be compatible with that of Action::show() D:\wamp\www\tpvo\WebApp\Lib\Action\IndexAction.class.php 第 772 行.
NOTIC: [8] Use of undefined constant PRC - assumed 'PRC' D:\wamp\www\tpvo\WebApp\Lib\Action\IndexAction.class.php 第 12 行.
SQL: SHOW COLUMNS FROM `think_theme` [ RunTime:0.003996s ]
SQL: SHOW COLUMNS FROM `think_option` [ RunTime:0.002889s ]
SQL: SHOW COLUMNS FROM `think_users` [ RunTime:0.003294s ]
SQL: SHOW COLUMNS FROM `think_ucenter` [ RunTime:0.004169s ]
SQL: SHOW COLUMNS FROM `think_vote` [ RunTime:0.003013s ]
NOTIC: [8] Undefined index: userid D:\wamp\www\tpvo\WebApp\Lib\Action\IndexAction.class.php 第 20 行.
SQL: SELECT * FROM `think_theme` WHERE ( `zt` = 0 ) ORDER BY tid desc LIMIT 5   [ RunTime:0.000411s ]
SQL: SELECT * FROM `think_theme` WHERE ( `zt` = 0 ) ORDER BY count desc LIMIT 5   [ RunTime:0.000233s ]
SQL: SELECT * FROM `think_theme` WHERE ( `zt` = 1 ) ORDER BY count desc LIMIT 5   [ RunTime:0.000175s ]
INFO: [ view_template ] --START--
INFO: Run LocationTemplate Behavior [ RunTime:-0.033580s ]
INFO: [ view_template ] --END-- [ RunTime:0.000674s ]
INFO: [ view_parse ] --START--
INFO: Run ParseTemplate Behavior [ RunTime:-0.034341s ]
INFO: [ view_parse ] --END-- [ RunTime:0.005571s ]
INFO: [ view_filter ] --START--
INFO: Run ContentReplace Behavior [ RunTime:-0.040076s ]
INFO: Run TokenBuild Behavior [ RunTime:-0.040583s ]
INFO: Run WriteHtmlCache Behavior [ RunTime:-0.041295s ]
INFO: Run ShowRuntime Behavior [ RunTime:-0.041891s ]
INFO: [ view_filter ] --END-- [ RunTime:0.002514s ]
INFO: [ view_end ] --START--
INFO: Run ShowPageTrace Behavior [ RunTime:-0.042702s ]
INFO: [ view_end ] --END-- [ RunTime:0.000766s ]

[ 2015-07-23T15:38:02+08:00 ] 127.0.0.1 /tpvo/
INFO: [ app_begin ] --START--
INFO: Run ReadHtmlCache Behavior [ RunTime:0.000806s ]
INFO: [ app_begin ] --END-- [ RunTime:0.000973s ]
NOTIC: [2048] Declaration of IndexAction::show() should be compatible with that of Action::show() D:\wamp\www\tpvo\WebApp\Lib\Action\IndexAction.class.php 第 772 行.
NOTIC: [8] Use of undefined constant PRC - assumed 'PRC' D:\wamp\www\tpvo\WebApp\Lib\Action\IndexAction.class.php 第 12 行.
SQL: SHOW COLUMNS FROM `think_theme` [ RunTime:0.003298s ]
SQL: SHOW COLUMNS FROM `think_option` [ RunTime:0.003019s ]
SQL: SHOW COLUMNS FROM `think_users` [ RunTime:0.003164s ]
SQL: SHOW COLUMNS FROM `think_ucenter` [ RunTime:0.002764s ]
SQL: SHOW COLUMNS FROM `think_vote` [ RunTime:0.003283s ]
NOTIC: [8] Undefined index: userid D:\wamp\www\tpvo\WebApp\Lib\Action\IndexAction.class.php 第 20 行.
SQL: SELECT * FROM `think_theme` WHERE ( `zt` = 0 ) ORDER BY tid desc LIMIT 5   [ RunTime:0.000419s ]
SQL: SELECT * FROM `think_theme` WHERE ( `zt` = 0 ) ORDER BY count desc LIMIT 5   [ RunTime:0.000249s ]
SQL: SELECT * FROM `think_theme` WHERE ( `zt` = 1 ) ORDER BY count desc LIMIT 5   [ RunTime:0.000175s ]
INFO: [ view_template ] --START--
INFO: Run LocationTemplate Behavior [ RunTime:-0.045271s ]
INFO: [ view_template ] --END-- [ RunTime:0.000692s ]
INFO: [ view_parse ] --START--
INFO: Run ParseTemplate Behavior [ RunTime:-0.046054s ]
INFO: [ view_parse ] --END-- [ RunTime:0.005526s ]
INFO: [ view_filter ] --START--
INFO: Run ContentReplace Behavior [ RunTime:-0.051638s ]
INFO: Run TokenBuild Behavior [ RunTime:-0.052015s ]
INFO: Run WriteHtmlCache Behavior [ RunTime:-0.052385s ]
INFO: Run ShowRuntime Behavior [ RunTime:-0.052653s ]
INFO: [ view_filter ] --END-- [ RunTime:0.001620s ]
INFO: [ view_end ] --START--
INFO: Run ShowPageTrace Behavior [ RunTime:-0.053425s ]
INFO: [ view_end ] --END-- [ RunTime:0.000625s ]

[ 2015-07-23T15:39:39+08:00 ] 127.0.0.1 /tpvo/
INFO: [ app_begin ] --START--
INFO: Run ReadHtmlCache Behavior [ RunTime:0.000644s ]
INFO: [ app_begin ] --END-- [ RunTime:0.000756s ]
NOTIC: [2048] Declaration of IndexAction::show() should be compatible with that of Action::show() D:\wamp\www\tpvo\WebApp\Lib\Action\IndexAction.class.php 第 772 行.
NOTIC: [8] Use of undefined constant PRC - assumed 'PRC' D:\wamp\www\tpvo\WebApp\Lib\Action\IndexAction.class.php 第 12 行.
SQL: SHOW COLUMNS FROM `think_theme` [ RunTime:0.004973s ]
SQL: SHOW COLUMNS FROM `think_option` [ RunTime:0.005076s ]
SQL: SHOW COLUMNS FROM `think_users` [ RunTime:0.004683s ]
SQL: SHOW COLUMNS FROM `think_ucenter` [ RunTime:0.005124s ]
SQL: SHOW COLUMNS FROM `think_vote` [ RunTime:0.005582s ]
NOTIC: [8] Undefined index: userid D:\wamp\www\tpvo\WebApp\Lib\Action\IndexAction.class.php 第 20 行.
SQL: SELECT * FROM `think_theme` WHERE ( `zt` = 0 ) ORDER BY tid desc LIMIT 5   [ RunTime:0.000544s ]
SQL: SELECT * FROM `think_theme` WHERE ( `zt` = 0 ) ORDER BY count desc LIMIT 5   [ RunTime:0.000384s ]
SQL: SELECT * FROM `think_theme` WHERE ( `zt` = 1 ) ORDER BY count desc LIMIT 5   [ RunTime:0.000451s ]
INFO: [ view_template ] --START--
INFO: Run LocationTemplate Behavior [ RunTime:-0.054859s ]
INFO: [ view_template ] --END-- [ RunTime:0.001150s ]
INFO: [ view_parse ] --START--
INFO: Run ParseTemplate Behavior [ RunTime:-0.056166s ]
INFO: [ view_parse ] --END-- [ RunTime:0.008369s ]
INFO: [ view_filter ] --START--
INFO: Run ContentReplace Behavior [ RunTime:-0.064644s ]
INFO: Run TokenBuild Behavior [ RunTime:-0.065451s ]
INFO: Run WriteHtmlCache Behavior [ RunTime:-0.066225s ]
INFO: Run ShowRuntime Behavior [ RunTime:-0.066821s ]
INFO: [ view_filter ] --END-- [ RunTime:0.003125s ]
INFO: [ view_end ] --START--
INFO: Run ShowPageTrace Behavior [ RunTime:-0.067938s ]
INFO: [ view_end ] --END-- [ RunTime:0.001046s ]

[ 2015-07-23T15:40:21+08:00 ] 127.0.0.1 /tpvo/
INFO: [ app_begin ] --START--
INFO: Run ReadHtmlCache Behavior [ RunTime:0.000999s ]
INFO: [ app_begin ] --END-- [ RunTime:0.001178s ]
NOTIC: [2048] Declaration of IndexAction::show() should be compatible with that of Action::show() D:\wamp\www\tpvo\WebApp\Lib\Action\IndexAction.class.php 第 772 行.
NOTIC: [8] Use of undefined constant PRC - assumed 'PRC' D:\wamp\www\tpvo\WebApp\Lib\Action\IndexAction.class.php 第 12 行.
SQL: SHOW COLUMNS FROM `think_theme` [ RunTime:0.004964s ]
SQL: SHOW COLUMNS FROM `think_option` [ RunTime:0.003868s ]
SQL: SHOW COLUMNS FROM `think_users` [ RunTime:0.003550s ]
SQL: SHOW COLUMNS FROM `think_ucenter` [ RunTime:0.004509s ]
SQL: SHOW COLUMNS FROM `think_vote` [ RunTime:0.003862s ]
NOTIC: [8] Undefined index: userid D:\wamp\www\tpvo\WebApp\Lib\Action\IndexAction.class.php 第 20 行.
SQL: SELECT * FROM `think_theme` WHERE ( `zt` = 0 ) ORDER BY tid desc LIMIT 5   [ RunTime:0.000355s ]
SQL: SELECT * FROM `think_theme` WHERE ( `zt` = 0 ) ORDER BY count desc LIMIT 5   [ RunTime:0.000223s ]
SQL: SELECT * FROM `think_theme` WHERE ( `zt` = 1 ) ORDER BY count desc LIMIT 5   [ RunTime:0.000178s ]
INFO: [ view_template ] --START--
INFO: Run LocationTemplate Behavior [ RunTime:-0.038337s ]
INFO: [ view_template ] --END-- [ RunTime:0.000725s ]
INFO: [ view_parse ] --START--
INFO: Run ParseTemplate Behavior [ RunTime:-0.039155s ]
INFO: [ view_parse ] --END-- [ RunTime:0.007184s ]
INFO: [ view_filter ] --START--
INFO: Run ContentReplace Behavior [ RunTime:-0.046403s ]
INFO: Run TokenBuild Behavior [ RunTime:-0.046957s ]
INFO: Run WriteHtmlCache Behavior [ RunTime:-0.047462s ]
INFO: Run ShowRuntime Behavior [ RunTime:-0.047827s ]
INFO: [ view_filter ] --END-- [ RunTime:0.002100s ]
INFO: [ view_end ] --START--
INFO: Run ShowPageTrace Behavior [ RunTime:-0.048674s ]
INFO: [ view_end ] --END-- [ RunTime:0.000674s ]

[ 2015-07-23T15:42:17+08:00 ] 127.0.0.1 /tpvo/
INFO: [ app_begin ] --START--
INFO: Run ReadHtmlCache Behavior [ RunTime:0.001589s ]
INFO: [ app_begin ] --END-- [ RunTime:0.001781s ]
NOTIC: [2048] Declaration of IndexAction::show() should be compatible with that of Action::show() D:\wamp\www\tpvo\WebApp\Lib\Action\IndexAction.class.php 第 772 行.
NOTIC: [8] Use of undefined constant PRC - assumed 'PRC' D:\wamp\www\tpvo\WebApp\Lib\Action\IndexAction.class.php 第 12 行.
SQL: SHOW COLUMNS FROM `think_theme` [ RunTime:0.003349s ]
SQL: SHOW COLUMNS FROM `think_option` [ RunTime:0.004018s ]
SQL: SHOW COLUMNS FROM `think_users` [ RunTime:0.004926s ]
SQL: SHOW COLUMNS FROM `think_ucenter` [ RunTime:0.003947s ]
SQL: SHOW COLUMNS FROM `think_vote` [ RunTime:0.003668s ]
NOTIC: [8] Undefined index: userid D:\wamp\www\tpvo\WebApp\Lib\Action\IndexAction.class.php 第 20 行.
SQL: SELECT * FROM `think_theme` WHERE ( `zt` = 0 ) ORDER BY tid desc LIMIT 5   [ RunTime:0.000454s ]
SQL: SELECT * FROM `think_theme` WHERE ( `zt` = 0 ) ORDER BY count desc LIMIT 5   [ RunTime:0.000787s ]
SQL: SELECT * FROM `think_theme` WHERE ( `zt` = 1 ) ORDER BY count desc LIMIT 5   [ RunTime:0.000495s ]
INFO: [ view_template ] --START--
INFO: Run LocationTemplate Behavior [ RunTime:-0.040399s ]
INFO: [ view_template ] --END-- [ RunTime:0.001369s ]
INFO: [ view_parse ] --START--
INFO: Run ParseTemplate Behavior [ RunTime:-0.041948s ]
INFO: [ view_parse ] --END-- [ RunTime:0.006119s ]
INFO: [ view_filter ] --START--
INFO: Run ContentReplace Behavior [ RunTime:-0.048077s ]
INFO: Run TokenBuild Behavior [ RunTime:-0.048505s ]
INFO: Run WriteHtmlCache Behavior [ RunTime:-0.048958s ]
INFO: Run ShowRuntime Behavior [ RunTime:-0.049373s ]
INFO: [ view_filter ] --END-- [ RunTime:0.001892s ]
INFO: [ view_end ] --START--
INFO: Run ShowPageTrace Behavior [ RunTime:-0.050069s ]
INFO: [ view_end ] --END-- [ RunTime:0.000728s ]

